Arguments: 
  /usr/local/bin/node /usr/local/Cellar/yarn/1.22.4/libexec/bin/yarn.js init

PATH: 
  /Users/user/.poetry/bin:/Users/user/.poetry/bin:/Users/user/.poetry/bin:/usr/local/bin:/usr/bin:/bin:/usr/sbin:/sbin:/Library/Apple/usr/bin:/Library/Frameworks/Mono.framework/Versions/Current/Commands:/Applications/Wireshark.app/Contents/MacOS:/Users/user/opt/anaconda3/bin:/Users/user/opt/anaconda3/condabin:/Users/user/.poetry/bin:/Users/user/Library/Android/sdk/emulator:/Users/user/Library/Android/sdk/tools:/Users/user/Library/Android/sdk/platform-tools:/Users/user/.npm-global/bin:/Users/user/Library/Android/sdk/emulator:/Users/user/Library/Android/sdk/tools:/Users/user/Library/Android/sdk/platform-tools:/Users/user/.npm-global/bin

Yarn version: 
  1.22.4

Node version: 
  14.17.0

Platform: 
  darwin x64

Trace: 
  Error: canceled
      at Interface.<anonymous> (/usr/local/Cellar/yarn/1.22.4/libexec/lib/cli.js:137008:13)
      at Interface.emit (events.js:376:20)
      at Interface._ttyWrite (readline.js:880:16)
      at ReadStream.onkeypress (readline.js:213:10)
      at ReadStream.emit (events.js:376:20)
      at emitKeys (internal/readline/utils.js:345:14)
      at emitKeys.next (<anonymous>)
      at ReadStream.onData (readline.js:1149:36)
      at ReadStream.emit (events.js:376:20)
      at addChunk (internal/streams/readable.js:309:12)

npm manifest: 
  No manifest

yarn manifest: 
  No manifest

Lockfile: 
  No lockfile
